2023-04-18 20:48:17 INFO  Log:10 - ***************************
2023-04-18 20:48:17 INFO  Log:11 - ***************************
2023-04-18 20:48:17 INFO  Log:12 - ******Start of TestCase******
2023-04-18 20:48:17 INFO  Log:23 - Test case is running
2023-04-18 20:48:17 INFO  Log:27 - Test case may failed
2023-04-18 20:48:30 INFO  Log:23 - Test case had finished.
2023-04-18 20:48:30 INFO  Log:16 - ###########################
2023-04-18 20:48:30 INFO  Log:17 - ###########################
2023-04-18 20:48:30 INFO  Log:18 - #######End of TestCase#######
2023-04-18 22:02:02 INFO  Log:10 - ***************************
2023-04-18 22:02:02 INFO  Log:11 - ***************************
2023-04-18 22:02:02 INFO  Log:12 - ******Start of TestCase******
2023-04-18 22:02:02 INFO  Log:23 - Test case is running
2023-04-18 22:02:02 INFO  Log:27 - Test case may failed
2023-04-18 22:02:10 INFO  Log:23 - Test case had finished.
2023-04-18 22:02:10 INFO  Log:16 - ###########################
2023-04-18 22:02:10 INFO  Log:17 - ###########################
2023-04-18 22:02:10 INFO  Log:18 - #######End of TestCase#######
2023-04-18 22:07:44 INFO  Log:10 - ***************************
2023-04-18 22:07:44 INFO  Log:11 - ***************************
2023-04-18 22:07:44 INFO  Log:12 - ******Start of TestCase******
2023-04-18 22:07:44 INFO  Log:23 - Test case is running
2023-04-18 22:07:44 INFO  Log:27 - Test case may failed
2023-04-18 22:07:51 INFO  Log:23 - Test case had finished.
2023-04-18 22:07:51 INFO  Log:16 - ###########################
2023-04-18 22:07:51 INFO  Log:17 - ###########################
2023-04-18 22:07:51 INFO  Log:18 - #######End of TestCase#######
2023-05-13 12:29:53 INFO  Log:10 - ***************************
2023-05-13 12:29:53 INFO  Log:11 - ***************************
2023-05-13 12:29:53 INFO  Log:12 - ******Start of TestCase******
2023-05-13 12:29:53 INFO  Log:23 - Test case is running
2023-05-13 12:29:53 INFO  Log:27 - Test case may failed
2023-05-13 12:29:59 INFO  Log:23 - Test case had finished.
2023-05-13 12:29:59 INFO  Log:16 - ###########################
2023-05-13 12:29:59 INFO  Log:17 - ###########################
2023-05-13 12:29:59 INFO  Log:18 - #######End of TestCase#######
2023-05-13 12:32:17 INFO  Log:10 - ***************************
2023-05-13 12:32:17 INFO  Log:11 - ***************************
2023-05-13 12:32:17 INFO  Log:12 - ******Start of TestCase******
2023-05-13 12:32:17 INFO  Log:23 - Test case is running
2023-05-13 12:32:17 INFO  Log:27 - Test case may failed
2023-05-13 12:32:40 INFO  Log:23 - Test case had finished.
2023-05-13 12:32:40 INFO  Log:16 - ###########################
2023-05-13 12:32:40 INFO  Log:17 - ###########################
2023-05-13 12:32:40 INFO  Log:18 - #######End of TestCase#######
2023-05-13 12:34:54 INFO  Log:10 - ***************************
2023-05-13 12:34:54 INFO  Log:11 - ***************************
2023-05-13 12:34:54 INFO  Log:12 - ******Start of TestCase******
2023-05-13 12:34:54 INFO  Log:23 - Test case is running
2023-05-13 12:34:54 INFO  Log:27 - Test case may failed
2023-05-13 12:35:02 INFO  Log:23 - Test case had finished.
2023-05-13 12:35:02 INFO  Log:16 - ###########################
2023-05-13 12:35:02 INFO  Log:17 - ###########################
2023-05-13 12:35:02 INFO  Log:18 - #######End of TestCase#######
2023-05-13 12:40:24 INFO  Log:10 - ***************************
2023-05-13 12:40:24 INFO  Log:11 - ***************************
2023-05-13 12:40:24 INFO  Log:12 - ******Start of TestCase******
2023-05-13 12:40:24 INFO  Log:23 - Test case is running
2023-05-13 12:40:24 INFO  Log:27 - Test case may failed
2023-05-13 12:40:33 INFO  Log:23 - Test case had finished.
2023-05-13 12:40:33 INFO  Log:16 - ###########################
2023-05-13 12:40:33 INFO  Log:17 - ###########################
2023-05-13 12:40:33 INFO  Log:18 - #######End of TestCase#######
2023-05-13 12:41:29 INFO  Log:10 - ***************************
2023-05-13 12:41:29 INFO  Log:11 - ***************************
2023-05-13 12:41:29 INFO  Log:12 - ******Start of TestCase******
2023-05-13 12:41:29 INFO  Log:23 - Test case is running
2023-05-13 12:41:29 INFO  Log:27 - Test case may failed
2023-05-13 12:41:37 INFO  Log:23 - Test case had finished.
2023-05-13 12:41:37 INFO  Log:16 - ###########################
2023-05-13 12:41:37 INFO  Log:17 - ###########################
2023-05-13 12:41:37 INFO  Log:18 - #######End of TestCase#######
2023-05-13 12:42:19 INFO  Log:10 - ***************************
2023-05-13 12:42:19 INFO  Log:11 - ***************************
2023-05-13 12:42:19 INFO  Log:12 - ******Start of TestCase******
2023-05-13 12:42:19 INFO  Log:23 - Test case is running
2023-05-13 12:42:19 INFO  Log:27 - Test case may failed
2023-05-13 12:42:26 INFO  Log:23 - Test case had finished.
2023-05-13 12:42:26 INFO  Log:16 - ###########################
2023-05-13 12:42:26 INFO  Log:17 - ###########################
2023-05-13 12:42:26 INFO  Log:18 - #######End of TestCase#######
2023-05-27 12:32:55 INFO  Log:10 - ***************************
2023-05-27 12:32:55 INFO  Log:11 - ***************************
2023-05-27 12:32:55 INFO  Log:12 - ******Start of TestCase******
2023-05-27 12:32:55 INFO  Log:23 - Test case is running
2023-05-27 12:32:55 INFO  Log:27 - Test case may failed
2023-05-27 12:32:55 INFO  Log:23 - Test case had finished.
2023-05-27 12:32:55 INFO  Log:16 - ###########################
2023-05-27 12:32:55 INFO  Log:17 - ###########################
2023-05-27 12:32:55 INFO  Log:18 - #######End of TestCase#######
2023-05-27 12:33:59 INFO  Log:10 - ***************************
2023-05-27 12:33:59 INFO  Log:11 - ***************************
2023-05-27 12:33:59 INFO  Log:12 - ******Start of TestCase******
2023-05-27 12:33:59 INFO  Log:23 - Test case is running
2023-05-27 12:33:59 INFO  Log:27 - Test case may failed
2023-05-27 12:33:59 INFO  Log:23 - Test case had finished.
2023-05-27 12:33:59 INFO  Log:16 - ###########################
2023-05-27 12:33:59 INFO  Log:17 - ###########################
2023-05-27 12:33:59 INFO  Log:18 - #######End of TestCase#######
2023-05-27 12:36:30 INFO  Log:10 - ***************************
2023-05-27 12:36:30 INFO  Log:11 - ***************************
2023-05-27 12:36:30 INFO  Log:12 - ******Start of TestCase******
2023-05-27 12:36:30 INFO  Log:23 - Test case is running
2023-05-27 12:36:30 INFO  Log:27 - Test case may failed
2023-05-27 12:36:32 INFO  Log:23 - Test case had finished.
2023-05-27 12:36:32 INFO  Log:16 - ###########################
2023-05-27 12:36:32 INFO  Log:17 - ###########################
2023-05-27 12:36:32 INFO  Log:18 - #######End of TestCase#######
